  glad.c
  stb.cpp
  imgui.cpp
  imgui_demo.cpp
  imgui_draw.cpp
  imgui_impl_glfw.cpp
  imgui_impl_opengl3.cpp
  imgui_tables.cpp
  imgui_widgets.cpp
  main.cpp
D:\Program\C++\TerrainGeneration\src\Chunk.h(83,23): warning C4305: 'initializing': truncation from 'double' to 'float'
D:\Program\C++\TerrainGeneration\src\Chunk.h(84,24): warning C4305: 'initializing': truncation from 'double' to 'float'
D:\Program\C++\TerrainGeneration\src\Chunk.h(85,24): warning C4305: 'initializing': truncation from 'double' to 'float'
  ComputeShader.cpp
  TerrainEngine.cpp
D:\Program\C++\TerrainGeneration\src\Chunk.h(83,23): warning C4305: 'initializing': truncation from 'double' to 'float'
D:\Program\C++\TerrainGeneration\src\Chunk.h(84,24): warning C4305: 'initializing': truncation from 'double' to 'float'
D:\Program\C++\TerrainGeneration\src\Chunk.h(85,24): warning C4305: 'initializing': truncation from 'double' to 'float'
D:\Program\C++\TerrainGeneration\src\TerrainEngine.cpp(240,44): warning C4305: 'argument': truncation from 'double' to 'float'
D:\Program\C++\TerrainGeneration\src\TerrainEngine.cpp(367,36): warning C4305: '+=': truncation from 'double' to 'T'
          with
          [
              T=float
          ]
D:\Program\C++\TerrainGeneration\src\TerrainEngine.cpp(369,36): warning C4305: '-=': truncation from 'double' to 'T'
          with
          [
              T=float
          ]
D:\Program\C++\TerrainGeneration\src\TerrainEngine.cpp(371,36): warning C4305: '+=': truncation from 'double' to 'T'
          with
          [
              T=float
          ]
D:\Program\C++\TerrainGeneration\src\TerrainEngine.cpp(373,36): warning C4305: '-=': truncation from 'double' to 'T'
          with
          [
              T=float
          ]
  Camera.cpp
D:\Program\C++\TerrainGeneration\src\Camera.cpp(29,81): warning C4244: 'argument': conversion from 'int' to 'T', possible loss of data
          with
          [
              T=float
          ]
D:\Program\C++\TerrainGeneration\src\Camera.cpp(31,81): warning C4244: 'argument': conversion from 'int' to 'T', possible loss of data
          with
          [
              T=float
          ]
D:\Program\C++\TerrainGeneration\src\Camera.cpp(33,52): warning C4244: 'argument': conversion from 'int' to 'T', possible loss of data
          with
          [
              T=float
          ]
D:\Program\C++\TerrainGeneration\src\Camera.cpp(35,52): warning C4244: 'argument': conversion from 'int' to 'T', possible loss of data
          with
          [
              T=float
          ]
D:\Program\C++\TerrainGeneration\src\Camera.cpp(37,74): warning C4244: 'argument': conversion from 'int' to 'T', possible loss of data
          with
          [
              T=float
          ]
D:\Program\C++\TerrainGeneration\src\Camera.cpp(39,74): warning C4244: 'argument': conversion from 'int' to 'T', possible loss of data
          with
          [
              T=float
          ]
  Chunk.cpp
D:\Program\C++\TerrainGeneration\src\Chunk.h(83,23): warning C4305: 'initializing': truncation from 'double' to 'float'
D:\Program\C++\TerrainGeneration\src\Chunk.h(84,24): warning C4305: 'initializing': truncation from 'double' to 'float'
D:\Program\C++\TerrainGeneration\src\Chunk.h(85,24): warning C4305: 'initializing': truncation from 'double' to 'float'
D:\Program\C++\TerrainGeneration\src\Chunk.cpp(5,44): warning C4244: 'argument': conversion from 'float' to 'int', possible loss of data
D:\Program\C++\TerrainGeneration\src\Chunk.cpp(27,24): warning C4244: 'initializing': conversion from 'double' to 'float', possible loss of data
D:\Program\C++\TerrainGeneration\src\Chunk.cpp(28,24): warning C4244: 'initializing': conversion from 'double' to 'float', possible loss of data
D:\Program\C++\TerrainGeneration\src\Chunk.cpp(196,87): warning C4244: 'argument': conversion from 'int' to 'float', possible loss of data
C:\Program Files\Microsoft Visual Studio\2022\Community\VC\Tools\MSVC\14.32.31326\include\utility(247,16): warning C4244: 'initializing': conversion from '_Ty' to '_Ty1', possible loss of data
          with
          [
              _Ty=float
          ]
          and
          [
              _Ty1=int
          ]
D:\Program\C++\TerrainGeneration\src\Chunk.cpp(140): message : see reference to function template instantiation 'std::pair<int,int>::pair<float,float,0>(std::pair<float,float> &&) noexcept' being compiled
D:\Program\C++\TerrainGeneration\src\Chunk.cpp(140): message : see reference to function template instantiation 'std::pair<int,int>::pair<float,float,0>(std::pair<float,float> &&) noexcept' being compiled
C:\Program Files\Microsoft Visual Studio\2022\Community\VC\Tools\MSVC\14.32.31326\include\utility(247,61): warning C4244: 'initializing': conversion from '_Ty' to '_Ty2', possible loss of data
          with
          [
              _Ty=float
          ]
          and
          [
              _Ty2=int
          ]
  Noise.cpp
D:\Program\C++\TerrainGeneration\src\Noise.cpp(12,72): warning C4244: 'argument': conversion from 'T' to 'unsigned int', possible loss of data
          with
          [
              T=float
          ]
D:\Program\C++\TerrainGeneration\src\Noise.cpp(22,11): warning C4244: 'return': conversion from 'double' to 'float', possible loss of data
D:\Program\C++\TerrainGeneration\src\Noise.cpp(32,34): warning C4244: 'argument': conversion from 'int' to 'float', possible loss of data
D:\Program\C++\TerrainGeneration\src\Noise.cpp(32,27): warning C4244: 'argument': conversion from 'int' to 'float', possible loss of data
D:\Program\C++\TerrainGeneration\src\Noise.cpp(32,56): warning C4244: 'argument': conversion from 'int' to 'float', possible loss of data
D:\Program\C++\TerrainGeneration\src\Noise.cpp(32,49): warning C4244: 'argument': conversion from 'int' to 'float', possible loss of data
D:\Program\C++\TerrainGeneration\src\Noise.cpp(33,18): warning C4244: 'argument': conversion from 'int' to 'float', possible loss of data
D:\Program\C++\TerrainGeneration\src\Noise.cpp(33,11): warning C4244: 'argument': conversion from 'int' to 'float', possible loss of data
D:\Program\C++\TerrainGeneration\src\Noise.cpp(33,40): warning C4244: 'argument': conversion from 'int' to 'float', possible loss of data
D:\Program\C++\TerrainGeneration\src\Noise.cpp(33,33): warning C4244: 'argument': conversion from 'int' to 'float', possible loss of data
D:\Program\C++\TerrainGeneration\src\Noise.cpp(34,25): warning C4244: 'argument': conversion from 'int' to 'float', possible loss of data
D:\Program\C++\TerrainGeneration\src\Noise.cpp(34,20): warning C4244: 'argument': conversion from 'int' to 'float', possible loss of data
D:\Program\C++\TerrainGeneration\src\Noise.cpp(34,43): warning C4244: 'argument': conversion from 'int' to 'float', possible loss of data
D:\Program\C++\TerrainGeneration\src\Noise.cpp(34,38): warning C4244: 'argument': conversion from 'int' to 'float', possible loss of data
D:\Program\C++\TerrainGeneration\src\Noise.cpp(34,59): warning C4244: 'argument': conversion from 'int' to 'float', possible loss of data
D:\Program\C++\TerrainGeneration\src\Noise.cpp(34,54): warning C4244: 'argument': conversion from 'int' to 'float', possible loss of data
D:\Program\C++\TerrainGeneration\src\Noise.cpp(35,15): warning C4244: 'argument': conversion from 'int' to 'float', possible loss of data
D:\Program\C++\TerrainGeneration\src\Noise.cpp(35,10): warning C4244: 'argument': conversion from 'int' to 'float', possible loss of data
D:\Program\C++\TerrainGeneration\src\Noise.cpp(36,21): warning C4244: 'argument': conversion from 'int' to 'float', possible loss of data
D:\Program\C++\TerrainGeneration\src\Noise.cpp(36,18): warning C4244: 'argument': conversion from 'int' to 'float', possible loss of data
D:\Program\C++\TerrainGeneration\src\Noise.cpp(41,11): warning C4244: 'initializing': conversion from 'double' to 'float', possible loss of data
D:\Program\C++\TerrainGeneration\src\Noise.cpp(42,5): warning C4244: 'initializing': conversion from 'double' to 'float', possible loss of data
D:\Program\C++\TerrainGeneration\src\Noise.cpp(47,16): warning C4244: 'initializing': conversion from 'float' to 'int', possible loss of data
D:\Program\C++\TerrainGeneration\src\Noise.cpp(49,16): warning C4244: 'initializing': conversion from 'float' to 'int', possible loss of data
D:\Program\C++\TerrainGeneration\src\Noise.cpp(70,27): warning C4305: '*=': truncation from 'double' to 'float'
D:\Program\C++\TerrainGeneration\src\Noise.cpp(73,17): warning C4244: 'return': conversion from 'double' to 'float', possible loss of data
  Player.cpp
D:\Program\C++\TerrainGeneration\src\Chunk.h(83,23): warning C4305: 'initializing': truncation from 'double' to 'float'
D:\Program\C++\TerrainGeneration\src\Chunk.h(84,24): warning C4305: 'initializing': truncation from 'double' to 'float'
D:\Program\C++\TerrainGeneration\src\Chunk.h(85,24): warning C4305: 'initializing': truncation from 'double' to 'float'
D:\Program\C++\TerrainGeneration\src\Player.cpp(13,42): warning C4305: '=': truncation from 'double' to 'float'
  Shader.cpp
  Skybox.cpp
  Terrain.cpp
D:\Program\C++\TerrainGeneration\src\Chunk.h(83,23): warning C4305: 'initializing': truncation from 'double' to 'float'
D:\Program\C++\TerrainGeneration\src\Chunk.h(84,24): warning C4305: 'initializing': truncation from 'double' to 'float'
D:\Program\C++\TerrainGeneration\src\Chunk.h(85,24): warning C4305: 'initializing': truncation from 'double' to 'float'
  Texture.cpp
  Water.cpp
LINK : warning LNK4098: defaultlib 'MSVCRTD' conflicts with use of other libs; use /NODEFAULTLIB:library
  Generating code
  Previous IPDB not found, fall back to full compilation.
  All 2812 functions were compiled because no usable IPDB/IOBJ from previous compilation was found.
  Finished generating code
glfw3.lib(input.obj) : warning LNK4099: PDB 'glfw3.pdb' was not found with 'glfw3.lib(input.obj)' or at 'D:\Program\C++\TerrainGeneration\x64\Release\glfw3.pdb'; linking object as if no debug info
glfw3.lib(window.obj) : warning LNK4099: PDB 'glfw3.pdb' was not found with 'glfw3.lib(window.obj)' or at 'D:\Program\C++\TerrainGeneration\x64\Release\glfw3.pdb'; linking object as if no debug info
glfw3.lib(monitor.obj) : warning LNK4099: PDB 'glfw3.pdb' was not found with 'glfw3.lib(monitor.obj)' or at 'D:\Program\C++\TerrainGeneration\x64\Release\glfw3.pdb'; linking object as if no debug info
glfw3.lib(win32_window.obj) : warning LNK4099: PDB 'glfw3.pdb' was not found with 'glfw3.lib(win32_window.obj)' or at 'D:\Program\C++\TerrainGeneration\x64\Release\glfw3.pdb'; linking object as if no debug info
glfw3.lib(init.obj) : warning LNK4099: PDB 'glfw3.pdb' was not found with 'glfw3.lib(init.obj)' or at 'D:\Program\C++\TerrainGeneration\x64\Release\glfw3.pdb'; linking object as if no debug info
glfw3.lib(context.obj) : warning LNK4099: PDB 'glfw3.pdb' was not found with 'glfw3.lib(context.obj)' or at 'D:\Program\C++\TerrainGeneration\x64\Release\glfw3.pdb'; linking object as if no debug info
glfw3.lib(win32_joystick.obj) : warning LNK4099: PDB 'glfw3.pdb' was not found with 'glfw3.lib(win32_joystick.obj)' or at 'D:\Program\C++\TerrainGeneration\x64\Release\glfw3.pdb'; linking object as if no debug info
glfw3.lib(win32_time.obj) : warning LNK4099: PDB 'glfw3.pdb' was not found with 'glfw3.lib(win32_time.obj)' or at 'D:\Program\C++\TerrainGeneration\x64\Release\glfw3.pdb'; linking object as if no debug info
glfw3.lib(win32_thread.obj) : warning LNK4099: PDB 'glfw3.pdb' was not found with 'glfw3.lib(win32_thread.obj)' or at 'D:\Program\C++\TerrainGeneration\x64\Release\glfw3.pdb'; linking object as if no debug info
glfw3.lib(win32_monitor.obj) : warning LNK4099: PDB 'glfw3.pdb' was not found with 'glfw3.lib(win32_monitor.obj)' or at 'D:\Program\C++\TerrainGeneration\x64\Release\glfw3.pdb'; linking object as if no debug info
glfw3.lib(wgl_context.obj) : warning LNK4099: PDB 'glfw3.pdb' was not found with 'glfw3.lib(wgl_context.obj)' or at 'D:\Program\C++\TerrainGeneration\x64\Release\glfw3.pdb'; linking object as if no debug info
glfw3.lib(egl_context.obj) : warning LNK4099: PDB 'glfw3.pdb' was not found with 'glfw3.lib(egl_context.obj)' or at 'D:\Program\C++\TerrainGeneration\x64\Release\glfw3.pdb'; linking object as if no debug info
glfw3.lib(osmesa_context.obj) : warning LNK4099: PDB 'glfw3.pdb' was not found with 'glfw3.lib(osmesa_context.obj)' or at 'D:\Program\C++\TerrainGeneration\x64\Release\glfw3.pdb'; linking object as if no debug info
glfw3.lib(win32_init.obj) : warning LNK4099: PDB 'glfw3.pdb' was not found with 'glfw3.lib(win32_init.obj)' or at 'D:\Program\C++\TerrainGeneration\x64\Release\glfw3.pdb'; linking object as if no debug info
glfw3.lib(vulkan.obj) : warning LNK4099: PDB 'glfw3.pdb' was not found with 'glfw3.lib(vulkan.obj)' or at 'D:\Program\C++\TerrainGeneration\x64\Release\glfw3.pdb'; linking object as if no debug info
  TerrainGeneration.vcxproj -> D:\Program\C++\TerrainGeneration\x64\Release\TerrainGeneration.exe
